*** Starting uWSGI 2.0.15 (64bit) on [Tue Nov 14 15:37:04 2017] ***
compiled with version: 4.8.5 20150623 (Red Hat 4.8.5-16) on 14 November 2017 11:42:26
os: Linux-3.10.0-693.2.2.el7.x86_64 #1 SMP Tue Sep 12 22:26:13 UTC 2017
nodename: sparsematrix
machine: x86_64
clock source: unix
pcre jit disabled
detected number of CPU cores: 2
current working directory: /data/python_server/code/flask-blueprint
detected binary path: /home/matrix/.virtualenvs/pyenv3.6/bin/uwsgi
chdir() to /data/python_server/code/flask-blueprint
*** WARNING: you are running uWSGI without its master process manager ***
your processes number limit is 4096
your memory page size is 4096 bytes
detected max file descriptor number: 65535
lock engine: pthread robust mutexes
thunder lock: disabled (you can enable it with --thunder-lock)
uwsgi socket 0 bound to UNIX address /data/python_server/code/flask-blueprint/run/runapp.sock fd 3
Python version: 3.6.3 (default, Nov 13 2017, 18:07:02)  [GCC 4.8.5 20150623 (Red Hat 4.8.5-16)]
Python main interpreter initialized at 0xd40990
python threads support enabled
your server socket listen backlog is limited to 100 connections
your mercy for graceful operations on workers is 60 seconds
mapped 332288 bytes (324 KB) for 8 cores
*** Operational MODE: preforking+threaded ***
WSGI app 0 (mountpoint='') ready in 1 seconds on interpreter 0xd40990 pid: 5099 (default app)
*** uWSGI is running in multiple interpreter mode ***
spawned uWSGI worker 1 (pid: 5099, cores: 2)
spawned uWSGI worker 2 (pid: 5101, cores: 2)
spawned uWSGI worker 3 (pid: 5102, cores: 2)
spawned uWSGI worker 4 (pid: 5104, cores: 2)
--------------------------------------------------------------------------------
DEBUG in __init__ [./service/application/__init__.py:73]:
index.html
--------------------------------------------------------------------------------
[pid: 5102|app: 0|req: 1/1] 116.24.64.99 () {42 vars in 704 bytes} [Tue Nov 14 15:37:11 2017] GET /hello => generated 202 bytes in 11 msecs (HTTP/1.1 200) 2 headers in 80 bytes (1 switches on core 0)
[pid: 5102|app: 0|req: 2/2] 116.24.64.99 () {44 vars in 699 bytes} [Tue Nov 14 15:37:11 2017] GET /favicon.ico => generated 233 bytes in 11 msecs (HTTP/1.1 404) 2 headers in 72 bytes (1 switches on core 1)
[pid: 5102|app: 0|req: 3/3] 116.24.64.99 () {40 vars in 675 bytes} [Tue Nov 14 15:37:15 2017] GET /spider => generated 263 bytes in 18 msecs (HTTP/1.1 301) 3 headers in 135 bytes (1 switches on core 0)
__name__ service.application.controllers.spider.views
[pid: 5102|app: 0|req: 4/4] 116.24.64.99 () {40 vars in 677 bytes} [Tue Nov 14 15:37:15 2017] GET /spider/ => generated 175 bytes in 1 msecs (HTTP/1.1 200) 2 headers in 80 bytes (1 switches on core 1)
__name__ service.application.controllers.spider.views
[pid: 5102|app: 0|req: 5/5] 116.24.64.99 () {40 vars in 677 bytes} [Tue Nov 14 15:37:29 2017] GET /spider/ => generated 175 bytes in 0 msecs (HTTP/1.1 200) 2 headers in 80 bytes (1 switches on core 0)
[pid: 5102|app: 0|req: 6/6] 116.24.64.99 () {40 vars in 671 bytes} [Tue Nov 14 15:37:42 2017] GET /data => generated 259 bytes in 1 msecs (HTTP/1.1 301) 3 headers in 133 bytes (1 switches on core 1)
__name__ service.application.controllers.data.views
[pid: 5102|app: 0|req: 7/7] 116.24.64.99 () {40 vars in 673 bytes} [Tue Nov 14 15:37:42 2017] GET /data/ => generated 171 bytes in 1 msecs (HTTP/1.1 200) 2 headers in 80 bytes (1 switches on core 0)
[pid: 5102|app: 0|req: 8/8] 116.24.64.99 () {40 vars in 663 bytes} [Tue Nov 14 15:37:46 2017] GET / => generated 233 bytes in 0 msecs (HTTP/1.1 404) 2 headers in 72 bytes (1 switches on core 1)
